2023-09-20 10:52:50.104 [info] Extension host with pid 11740 started
2023-09-20 10:52:50.599 [info] ExtensionService#_doActivateExtension vscode.github-authentication, startup: false, activationEvent: 'onAuthenticationRequest:github'
2023-09-20 10:52:51.053 [info] ExtensionService#_doActivateExtension vscode.git-base, startup: true, activationEvent: '*', root cause: vscode.git
2023-09-20 10:52:51.271 [info] ExtensionService#_doActivateExtension vscode.git, startup: true, activationEvent: '*'
2023-09-20 10:52:51.613 [info] ExtensionService#_doActivateExtension vscode.github, startup: true, activationEvent: '*'
2023-09-20 10:52:51.801 [info] ExtensionService#_doActivateExtension vscode.microsoft-authentication, startup: false, activationEvent: 'onAuthenticationRequest:microsoft'
2023-09-20 10:52:52.267 [info] Eager extensions activated
2023-09-20 10:52:52.878 [info] ExtensionService#_doActivateExtension vscode.debug-auto-launch, startup: false, activationEvent: 'onStartupFinished'
2023-09-20 10:52:52.898 [info] ExtensionService#_doActivateExtension vscode.merge-conflict, startup: false, activationEvent: 'onStartupFinished'
2023-09-20 10:53:24.293 [info] Extension host terminating: renderer closed the MessagePort
2023-09-20 10:53:29.262 [info] Extension host with pid 11827 started
2023-09-20 10:53:29.262 [info] Skipping acquiring lock for /home/user/testTask/~/.vscode-root/User/workspaceStorage/35b05891f727cc8ad5377da57dfafcfb.
2023-09-20 10:53:29.318 [info] Extension host with pid 11740 exiting with code 0
2023-09-20 10:53:29.749 [info] ExtensionService#_doActivateExtension vscode.github-authentication, startup: false, activationEvent: 'onAuthenticationRequest:github'
2023-09-20 10:53:29.879 [info] ExtensionService#_doActivateExtension vscode.git-base, startup: false, activationEvent: '*', root cause: vscode.git
2023-09-20 10:53:29.909 [info] ExtensionService#_doActivateExtension vscode.git, startup: false, activationEvent: '*'
2023-09-20 10:53:29.987 [info] ExtensionService#_doActivateExtension vscode.github, startup: true, activationEvent: '*'
2023-09-20 10:53:30.172 [info] ExtensionService#_doActivateExtension vscode.microsoft-authentication, startup: false, activationEvent: 'onAuthenticationRequest:microsoft'
2023-09-20 10:53:30.314 [info] Eager extensions activated
2023-09-20 10:53:30.391 [info] ExtensionService#_doActivateExtension vscode.debug-auto-launch, startup: false, activationEvent: 'onStartupFinished'
2023-09-20 10:53:30.424 [info] ExtensionService#_doActivateExtension vscode.merge-conflict, startup: false, activationEvent: 'onStartupFinished'
2023-09-20 10:53:51.501 [info] ExtensionService#_doActivateExtension vscode.html-language-features, startup: false, activationEvent: 'onLanguage:html'
2023-09-20 10:53:51.682 [info] ExtensionService#_doActivateExtension vscode.emmet, startup: false, activationEvent: 'onLanguage'
2023-09-20 15:28:01.772 [info] ExtensionService#_doActivateExtension vscode.extension-editing, startup: false, activationEvent: 'onLanguage:markdown'
2023-09-20 15:28:01.959 [info] ExtensionService#_doActivateExtension vscode.markdown-language-features, startup: false, activationEvent: 'onLanguage:markdown'
